android/app/build/intermediates/manifest_merge_blame_file/debug/manifest-merger-blame-debug-report.txt
1<?xml version="1.0" encoding="utf-8"?>
2<manifest xmlns:android="http://schemas.android.com/apk/res/android"
3    package="com.example.abo_hamza_ecomerce"
4    android:versionCode="1"
5    android:versionName="1.0.0" >
6
7    <uses-sdk
8        android:minSdkVersion="21"
9        android:targetSdkVersion="34" />
10    <!--
11         The INTERNET permission is required for development. Specifically,
12         the Flutter tool needs it to communicate with the running application
13         to allow setting breakpoints, to provide hot reload, etc.
14    -->
15    <uses-permission android:name="android.permission.INTERNET" />
15-->src\debug\AndroidManifest.xml:6:5-66
15-->src\debug\AndroidManifest.xml:6:22-64
16    <!--
17     Required to query activities that can process text, see:
18         https://developer.android.com/training/package-visibility and
19         https://developer.android.com/reference/android/content/Intent#ACTION_PROCESS_TEXT.
20
21         In particular, this is used by the Flutter engine in io.flutter.plugin.text.ProcessTextPlugin.
22    -->
23    <queries package="com.example.abo_hamza_ecomerce" >
23-->src\main\AndroidManifest.xml:39:5-44:15
23-->[:image_pickers] AndroidManifest.xml:21:14-40
24        <intent>
24-->src\main\AndroidManifest.xml:40:9-43:18
25            <action android:name="android.intent.action.PROCESS_TEXT" />
25-->src\main\AndroidManifest.xml:41:13-72
25-->src\main\AndroidManifest.xml:41:21-70
26
27            <data android:mimeType="text/plain" />
27-->src\main\AndroidManifest.xml:42:13-50
27-->src\main\AndroidManifest.xml:42:19-48
28        </intent>
29        <intent>
29-->[:image_pickers] AndroidManifest.xml:22:9-25:18
30            <action android:name="android.media.action.IMAGE_CAPTURE" >
30-->[:image_pickers] AndroidManifest.xml:23:13-24:22
30-->[:image_pickers] AndroidManifest.xml:23:21-70
31            </action>
32        </intent>
33        <intent>
33-->[:image_pickers] AndroidManifest.xml:26:9-29:18
34            <action android:name="android.media.action.ACTION_VIDEO_CAPTURE" >
34-->[:image_pickers] AndroidManifest.xml:27:13-28:22
34-->[:image_pickers] AndroidManifest.xml:27:21-77
35            </action>
36        </intent> <!-- Needs to be explicitly declared on Android R+ -->
37        <package android:name="com.google.android.apps.maps" />
37-->[com.google.android.gms:play-services-maps:18.2.0] AndroidManifest.xml:33:9-64
37-->[com.google.android.gms:play-services-maps:18.2.0] AndroidManifest.xml:33:18-61
38    </queries>
39
40    <uses-permission android:name="android.permission.WAKE_LOCK" />
40-->[:firebase_messaging] AndroidManifest.xml:10:5-68
40-->[:firebase_messaging] AndroidManifest.xml:10:22-65
41    <uses-permission android:name="android.permission.ACCESS_NETWORK_STATE" /> <!-- Permissions options for the `notification` group -->
41-->[:firebase_messaging] AndroidManifest.xml:11:5-79
41-->[:firebase_messaging] AndroidManifest.xml:11:22-76
42    <uses-permission android:name="android.permission.POST_NOTIFICATIONS" />
42-->[:firebase_messaging] AndroidManifest.xml:13:5-77
42-->[:firebase_messaging] AndroidManifest.xml:13:22-74
43    <uses-permission android:name="android.permission.VIBRATE" />
43-->[:flutter_local_notifications] AndroidManifest.xml:9:5-66
43-->[:flutter_local_notifications] AndroidManifest.xml:9:22-63
44    <uses-permission android:name="android.permission.CAMERA" />
44-->[:image_pickers] AndroidManifest.xml:9:5-65
44-->[:image_pickers] AndroidManifest.xml:9:22-62
45    <uses-permission
45-->[:image_pickers] AndroidManifest.xml:10:5-12:38
46        android:name="android.permission.READ_EXTERNAL_STORAGE"
46-->[:image_pickers] AndroidManifest.xml:11:9-64
47        android:maxSdkVersion="32" />
47-->[:image_pickers] AndroidManifest.xml:12:9-35
48    <uses-permission
48-->[:image_pickers] AndroidManifest.xml:13:5-15:38
49        android:name="android.permission.WRITE_EXTERNAL_STORAGE"
49-->[:image_pickers] AndroidManifest.xml:14:9-65
50        android:maxSdkVersion="32" />
50-->[:image_pickers] AndroidManifest.xml:15:9-35
51    <uses-permission android:name="android.permission.READ_MEDIA_IMAGES" />
51-->[:image_pickers] AndroidManifest.xml:17:5-76
51-->[:image_pickers] AndroidManifest.xml:17:22-73
52    <uses-permission android:name="android.permission.READ_MEDIA_VIDEO" />
52-->[:image_pickers] AndroidManifest.xml:18:5-75
52-->[:image_pickers] AndroidManifest.xml:18:22-72
53    <uses-permission android:name="android.permission.FOREGROUND_SERVICE" /> <!-- Required by older versions of Google Play services to create IID tokens -->
53-->[:image_pickers] AndroidManifest.xml:19:5-77
53-->[:image_pickers] AndroidManifest.xml:19:22-74
54    <uses-permission android:name="com.google.android.c2dm.permission.RECEIVE" />
54-->[com.google.firebase:firebase-iid:21.1.0] AndroidManifest.xml:26:5-82
54-->[com.google.firebase:firebase-iid:21.1.0] AndroidManifest.xml:26:22-79
55
56    <uses-feature
56-->[com.google.android.gms:play-services-maps:18.2.0] AndroidManifest.xml:26:5-28:35
57        android:glEsVersion="0x00020000"
57-->[com.google.android.gms:play-services-maps:18.2.0] AndroidManifest.xml:27:9-41
58        android:required="true" />
58-->[com.google.android.gms:play-services-maps:18.2.0] AndroidManifest.xml:28:9-32
59
60    <permission
60-->[androidx.core:core:1.13.1] AndroidManifest.xml:22:5-24:47
61        android:name="com.example.abo_hamza_ecomerce.DYNAMIC_RECEIVER_NOT_EXPORTED_PERMISSION"
61-->[androidx.core:core:1.13.1] AndroidManifest.xml:23:9-81
62        android:protectionLevel="signature" />
62-->[androidx.core:core:1.13.1] AndroidManifest.xml:24:9-44
63
64    <uses-permission android:name="com.example.abo_hamza_ecomerce.DYNAMIC_RECEIVER_NOT_EXPORTED_PERMISSION" /> <!-- Don't require camera, as this requires a rear camera. This allows it to work on the Nexus 7 -->
64-->[androidx.core:core:1.13.1] AndroidManifest.xml:26:5-97
64-->[androidx.core:core:1.13.1] AndroidManifest.xml:26:22-94
65    <uses-feature
65-->[com.journeyapps:zxing-android-embedded:4.3.0] AndroidManifest.xml:25:5-27:36
66        android:name="android.hardware.camera"
66-->[com.journeyapps:zxing-android-embedded:4.3.0] AndroidManifest.xml:26:9-47
67        android:required="false" />
67-->[com.journeyapps:zxing-android-embedded:4.3.0] AndroidManifest.xml:27:9-33
68    <uses-feature
68-->[com.journeyapps:zxing-android-embedded:4.3.0] AndroidManifest.xml:28:5-30:36
69        android:name="android.hardware.camera.front"
69-->[com.journeyapps:zxing-android-embedded:4.3.0] AndroidManifest.xml:29:9-53
70        android:required="false" /> <!-- TODO replace above two with next line after Android 4.2 -->
70-->[com.journeyapps:zxing-android-embedded:4.3.0] AndroidManifest.xml:30:9-33
71    <!-- <uses-feature android:name="android.hardware.camera.any"/> -->
72    <uses-feature
72-->[com.journeyapps:zxing-android-embedded:4.3.0] AndroidManifest.xml:33:5-35:36
73        android:name="android.hardware.camera.autofocus"
73-->[com.journeyapps:zxing-android-embedded:4.3.0] AndroidManifest.xml:34:9-57
74        android:required="false" />
74-->[com.journeyapps:zxing-android-embedded:4.3.0] AndroidManifest.xml:35:9-33
75    <uses-feature
75-->[com.journeyapps:zxing-android-embedded:4.3.0] AndroidManifest.xml:36:5-38:36
76        android:name="android.hardware.camera.flash"
76-->[com.journeyapps:zxing-android-embedded:4.3.0] AndroidManifest.xml:37:9-53
77        android:required="false" />
77-->[com.journeyapps:zxing-android-embedded:4.3.0] AndroidManifest.xml:38:9-33
78    <uses-feature
78-->[com.journeyapps:zxing-android-embedded:4.3.0] AndroidManifest.xml:39:5-41:36
79        android:name="android.hardware.screen.landscape"
79-->[com.journeyapps:zxing-android-embedded:4.3.0] AndroidManifest.xml:40:9-57
80        android:required="false" />
80-->[com.journeyapps:zxing-android-embedded:4.3.0] AndroidManifest.xml:41:9-33
81    <uses-feature
81-->[com.journeyapps:zxing-android-embedded:4.3.0] AndroidManifest.xml:42:5-44:36
82        android:name="android.hardware.wifi"
82-->[com.journeyapps:zxing-android-embedded:4.3.0] AndroidManifest.xml:43:9-45
83        android:required="false" />
83-->[com.journeyapps:zxing-android-embedded:4.3.0] AndroidManifest.xml:44:9-33
84
85    <application
86        android:name="android.app.Application"
87        android:appComponentFactory="androidx.core.app.CoreComponentFactory"
87-->[androidx.core:core:1.13.1] AndroidManifest.xml:28:18-86
88        android:debuggable="true"
89        android:icon="@mipmap/ic_launcher"
90        android:label="abo_hamza_ecomerce"
91        android:networkSecurityConfig="@xml/net_sec"
91-->[:image_pickers] AndroidManifest.xml:33:9-53
92        android:requestLegacyExternalStorage="true" >
92-->[:image_pickers] AndroidManifest.xml:34:9-52
93        <activity
94            android:name="com.example.abo_hamza_ecomerce.MainActivity"
95            android:configChanges="orientation|keyboardHidden|keyboard|screenSize|smallestScreenSize|locale|layoutDirection|fontScale|screenLayout|density|uiMode"
96            android:exported="true"
97            android:hardwareAccelerated="true"
98            android:launchMode="singleTop"
99            android:taskAffinity=""
100            android:theme="@style/LaunchTheme"
101            android:windowSoftInputMode="adjustResize" >
102
103            <!--
104                 Specifies an Android theme to apply to this Activity as soon as
105                 the Android process has started. This theme is visible to the user
106                 while the Flutter UI initializes. After that, this theme continues
107                 to determine the Window background behind the Flutter UI.
108            -->
109            <meta-data
110                android:name="io.flutter.embedding.android.NormalTheme"
111                android:resource="@style/NormalTheme" />
112
113            <intent-filter>
114                <action android:name="android.intent.action.MAIN" />
115
116                <category android:name="android.intent.category.LAUNCHER" />
117            </intent-filter>
118        </activity>
119        <!--
120             Don't delete the meta-data below.
121             This is used by the Flutter tool to generate GeneratedPluginRegistrant.java
122        -->
123        <meta-data
124            android:name="flutterEmbedding"
125            android:value="2" />
126
127        <service
127-->[:cloud_firestore] AndroidManifest.xml:10:9-14:19
128            android:name="com.google.firebase.components.ComponentDiscoveryService"
128-->[:cloud_firestore] AndroidManifest.xml:10:18-89
129            android:directBootAware="true"
129-->[com.google.firebase:firebase-common:20.4.2] AndroidManifest.xml:32:13-43
130            android:exported="false" >
130-->[com.google.firebase:firebase-iid:21.1.0] AndroidManifest.xml:31:13-37
131            <meta-data
131-->[:cloud_firestore] AndroidManifest.xml:11:13-13:85
132                android:name="com.google.firebase.components:io.flutter.plugins.firebase.firestore.FlutterFirebaseFirestoreRegistrar"
132-->[:cloud_firestore] AndroidManifest.xml:12:17-134
133                android:value="com.google.firebase.components.ComponentRegistrar" />
133-->[:cloud_firestore] AndroidManifest.xml:13:17-82
134            <meta-data
134-->[:firebase_messaging] AndroidManifest.xml:38:13-40:85
135                android:name="com.google.firebase.components:io.flutter.plugins.firebase.messaging.FlutterFirebaseAppRegistrar"
135-->[:firebase_messaging] AndroidManifest.xml:39:17-128
136                android:value="com.google.firebase.components.ComponentRegistrar" />
136-->[:firebase_messaging] AndroidManifest.xml:40:17-82
137            <meta-data
137-->[:firebase_core] AndroidManifest.xml:11:13-13:85
138                android:name="com.google.firebase.components:io.flutter.plugins.firebase.core.FlutterFirebaseCoreRegistrar"
138-->[:firebase_core] AndroidManifest.xml:12:17-124
139                android:value="com.google.firebase.components.ComponentRegistrar" />
139-->[:firebase_core] AndroidManifest.xml:13:17-82
140            <meta-data
140-->[com.google.firebase:firebase-iid:21.1.0] AndroidManifest.xml:32:13-34:85
141                android:name="com.google.firebase.components:com.google.firebase.iid.Registrar"
141-->[com.google.firebase:firebase-iid:21.1.0] AndroidManifest.xml:33:17-96
142                android:value="com.google.firebase.components.ComponentRegistrar" />
142-->[com.google.firebase:firebase-iid:21.1.0] AndroidManifest.xml:34:17-82
143            <meta-data
143-->[com.google.firebase:firebase-firestore:24.9.1] AndroidManifest.xml:17:13-19:85
144                android:name="com.google.firebase.components:com.google.firebase.firestore.FirebaseFirestoreKtxRegistrar"
144-->[com.google.firebase:firebase-firestore:24.9.1] AndroidManifest.xml:18:17-122
145                android:value="com.google.firebase.components.ComponentRegistrar" />
145-->[com.google.firebase:firebase-firestore:24.9.1] AndroidManifest.xml:19:17-82
146            <meta-data
146-->[com.google.firebase:firebase-firestore:24.9.1] AndroidManifest.xml:20:13-22:85
147                android:name="com.google.firebase.components:com.google.firebase.firestore.FirestoreRegistrar"
147-->[com.google.firebase:firebase-firestore:24.9.1] AndroidManifest.xml:21:17-111
148                android:value="com.google.firebase.components.ComponentRegistrar" />
148-->[com.google.firebase:firebase-firestore:24.9.1] AndroidManifest.xml:22:17-82
149            <meta-data
149-->[com.google.firebase:firebase-messaging:23.3.1] AndroidManifest.xml:57:13-59:85
150                android:name="com.google.firebase.components:com.google.firebase.messaging.FirebaseMessagingKtxRegistrar"
150-->[com.google.firebase:firebase-messaging:23.3.1] AndroidManifest.xml:58:17-122
151                android:value="com.google.firebase.components.ComponentRegistrar" />
151-->[com.google.firebase:firebase-messaging:23.3.1] AndroidManifest.xml:59:17-82
152            <meta-data
152-->[com.google.firebase:firebase-messaging:23.3.1] AndroidManifest.xml:60:13-62:85
153                android:name="com.google.firebase.components:com.google.firebase.messaging.FirebaseMessagingRegistrar"
153-->[com.google.firebase:firebase-messaging:23.3.1] AndroidManifest.xml:61:17-119
154                android:value="com.google.firebase.components.ComponentRegistrar" />
154-->[com.google.firebase:firebase-messaging:23.3.1] AndroidManifest.xml:62:17-82
155            <meta-data
155-->[com.google.firebase:firebase-installations:17.2.0] AndroidManifest.xml:15:13-17:85
156                android:name="com.google.firebase.components:com.google.firebase.installations.FirebaseInstallationsKtxRegistrar"
156-->[com.google.firebase:firebase-installations:17.2.0] AndroidManifest.xml:16:17-130
157                android:value="com.google.firebase.components.ComponentRegistrar" />
157-->[com.google.firebase:firebase-installations:17.2.0] AndroidManifest.xml:17:17-82
158            <meta-data
158-->[com.google.firebase:firebase-installations:17.2.0] AndroidManifest.xml:18:13-20:85
159                android:name="com.google.firebase.components:com.google.firebase.installations.FirebaseInstallationsRegistrar"
159-->[com.google.firebase:firebase-installations:17.2.0] AndroidManifest.xml:19:17-127
160                android:value="com.google.firebase.components.ComponentRegistrar" />
160-->[com.google.firebase:firebase-installations:17.2.0] AndroidManifest.xml:20:17-82
161            <meta-data
161-->[com.google.firebase:firebase-common-ktx:20.4.2] AndroidManifest.xml:12:13-14:85
162                android:name="com.google.firebase.components:com.google.firebase.ktx.FirebaseCommonLegacyRegistrar"
162-->[com.google.firebase:firebase-common-ktx:20.4.2] AndroidManifest.xml:13:17-116
163                android:value="com.google.firebase.components.ComponentRegistrar" />
163-->[com.google.firebase:firebase-common-ktx:20.4.2] AndroidManifest.xml:14:17-82
164            <meta-data
164-->[com.google.firebase:firebase-common:20.4.2] AndroidManifest.xml:35:13-37:85
165                android:name="com.google.firebase.components:com.google.firebase.FirebaseCommonKtxRegistrar"
165-->[com.google.firebase:firebase-common:20.4.2] AndroidManifest.xml:36:17-109
166                android:value="com.google.firebase.components.ComponentRegistrar" />
166-->[com.google.firebase:firebase-common:20.4.2] AndroidManifest.xml:37:17-82
167            <meta-data
167-->[com.google.firebase:firebase-datatransport:18.1.7] AndroidManifest.xml:27:13-29:85
168                android:name="com.google.firebase.components:com.google.firebase.datatransport.TransportRegistrar"
168-->[com.google.firebase:firebase-datatransport:18.1.7] AndroidManifest.xml:28:17-115
169                android:value="com.google.firebase.components.ComponentRegistrar" />
169-->[com.google.firebase:firebase-datatransport:18.1.7] AndroidManifest.xml:29:17-82
170        </service>
171        <service
171-->[:firebase_messaging] AndroidManifest.xml:16:9-19:72
172            android:name="io.flutter.plugins.firebase.messaging.FlutterFirebaseMessagingBackgroundService"
172-->[:firebase_messaging] AndroidManifest.xml:17:13-107
173            android:exported="false"
173-->[:firebase_messaging] AndroidManifest.xml:18:13-37
174            android:permission="android.permission.BIND_JOB_SERVICE" />
174-->[:firebase_messaging] AndroidManifest.xml:19:13-69
175        <service
175-->[:firebase_messaging] AndroidManifest.xml:20:9-26:19
176            android:name="io.flutter.plugins.firebase.messaging.FlutterFirebaseMessagingService"
176-->[:firebase_messaging] AndroidManifest.xml:21:13-97
177            android:exported="false" >
177-->[:firebase_messaging] AndroidManifest.xml:22:13-37
178            <intent-filter>
178-->[:firebase_messaging] AndroidManifest.xml:23:13-25:29
179                <action android:name="com.google.firebase.MESSAGING_EVENT" />
179-->[:firebase_messaging] AndroidManifest.xml:24:17-78
179-->[:firebase_messaging] AndroidManifest.xml:24:25-75
180            </intent-filter>
181        </service>
182
183        <receiver
183-->[:firebase_messaging] AndroidManifest.xml:28:9-35:20
184            android:name="io.flutter.plugins.firebase.messaging.FlutterFirebaseMessagingReceiver"
184-->[:firebase_messaging] AndroidManifest.xml:29:13-98
185            android:exported="true"
185-->[:firebase_messaging] AndroidManifest.xml:30:13-36
186            android:permission="com.google.android.c2dm.permission.SEND" >
186-->[:firebase_messaging] AndroidManifest.xml:31:13-73
187            <intent-filter>
187-->[:firebase_messaging] AndroidManifest.xml:32:13-34:29
188                <action android:name="com.google.android.c2dm.intent.RECEIVE" />
188-->[:firebase_messaging] AndroidManifest.xml:33:17-81
188-->[:firebase_messaging] AndroidManifest.xml:33:25-78
189            </intent-filter>
190        </receiver>
191
192        <provider
192-->[:firebase_messaging] AndroidManifest.xml:43:9-47:38
193            android:name="io.flutter.plugins.firebase.messaging.FlutterFirebaseMessagingInitProvider"
193-->[:firebase_messaging] AndroidManifest.xml:44:13-102
194            android:authorities="com.example.abo_hamza_ecomerce.flutterfirebasemessaginginitprovider"
194-->[:firebase_messaging] AndroidManifest.xml:45:13-88
195            android:exported="false"
195-->[:firebase_messaging] AndroidManifest.xml:46:13-37
196            android:initOrder="99" />
196-->[:firebase_messaging] AndroidManifest.xml:47:13-35
197        <provider
197-->[:image_picker_android] AndroidManifest.xml:11:9-19:20
198            android:name="io.flutter.plugins.imagepicker.ImagePickerFileProvider"
198-->[:image_picker_android] AndroidManifest.xml:12:13-82
199            android:authorities="com.example.abo_hamza_ecomerce.flutter.image_provider"
199-->[:image_picker_android] AndroidManifest.xml:13:13-74
200            android:exported="false"
200-->[:image_picker_android] AndroidManifest.xml:14:13-37
201            android:grantUriPermissions="true" >
201-->[:image_picker_android] AndroidManifest.xml:15:13-47
202            <meta-data
202-->[:image_picker_android] AndroidManifest.xml:16:13-18:75
203                android:name="android.support.FILE_PROVIDER_PATHS"
203-->[:image_picker_android] AndroidManifest.xml:17:17-67
204                android:resource="@xml/flutter_image_picker_file_paths" />
204-->[:image_picker_android] AndroidManifest.xml:18:17-72
205        </provider> <!-- Trigger Google Play services to install the backported photo picker module. -->
206        <service
206-->[:image_picker_android] AndroidManifest.xml:21:9-33:19
207            android:name="com.google.android.gms.metadata.ModuleDependencies"
207-->[:image_picker_android] AndroidManifest.xml:22:13-78
208            android:enabled="false"
208-->[:image_picker_android] AndroidManifest.xml:23:13-36
209            android:exported="false" >
209-->[:image_picker_android] AndroidManifest.xml:24:13-37
210            <intent-filter>
210-->[:image_picker_android] AndroidManifest.xml:26:13-28:29
211                <action android:name="com.google.android.gms.metadata.MODULE_DEPENDENCIES" />
211-->[:image_picker_android] AndroidManifest.xml:27:17-94
211-->[:image_picker_android] AndroidManifest.xml:27:25-91
212            </intent-filter>
213
214            <meta-data
214-->[:image_picker_android] AndroidManifest.xml:30:13-32:36
215                android:name="photopicker_activity:0:required"
215-->[:image_picker_android] AndroidManifest.xml:31:17-63
216                android:value="" />
216-->[:image_picker_android] AndroidManifest.xml:32:17-33
217        </service>
218        <service
218-->[:geolocator_android] AndroidManifest.xml:10:9-14:56
219            android:name="com.baseflow.geolocator.GeolocatorLocationService"
219-->[:geolocator_android] AndroidManifest.xml:11:13-77
220            android:enabled="true"
220-->[:geolocator_android] AndroidManifest.xml:12:13-35
221            android:exported="false"
221-->[:geolocator_android] AndroidManifest.xml:13:13-37
222            android:foregroundServiceType="location" /> <!-- 适配9.0的系统 -->
222-->[:geolocator_android] AndroidManifest.xml:14:13-53
223        <uses-library
223-->[:image_pickers] AndroidManifest.xml:37:9-39:40
224            android:name="org.apache.http.legacy"
224-->[:image_pickers] AndroidManifest.xml:38:13-50
225            android:required="false" /> <!-- 适配9.0的系统 -->
225-->[:image_pickers] AndroidManifest.xml:39:13-37
226        <activity
226-->[:image_pickers] AndroidManifest.xml:41:9-43:49
227            android:name="com.leeson.image_pickers.activitys.PermissionActivity"
227-->[:image_pickers] AndroidManifest.xml:42:13-81
228            android:theme="@style/TransTheme" />
228-->[:image_pickers] AndroidManifest.xml:43:13-46
229        <activity
229-->[:image_pickers] AndroidManifest.xml:44:9-46:49
230            android:name="com.leeson.image_pickers.activitys.SelectPicsActivity"
230-->[:image_pickers] AndroidManifest.xml:45:13-81
231            android:theme="@style/TransTheme" />
231-->[:image_pickers] AndroidManifest.xml:46:13-46
232        <activity
232-->[:image_pickers] AndroidManifest.xml:47:9-50:47
233            android:name="com.leeson.image_pickers.activitys.PhotosActivity"
233-->[:image_pickers] AndroidManifest.xml:48:13-77
234            android:configChanges="orientation|screenSize"
234-->[:image_pickers] AndroidManifest.xml:49:13-59
235            android:theme="@style/AppTheme" />
235-->[:image_pickers] AndroidManifest.xml:50:13-44
236        <activity
236-->[:image_pickers] AndroidManifest.xml:51:9-54:47
237            android:name="com.leeson.image_pickers.activitys.VideoActivity"
237-->[:image_pickers] AndroidManifest.xml:52:13-76
238            android:configChanges="orientation|screenSize"
238-->[:image_pickers] AndroidManifest.xml:53:13-59
239            android:theme="@style/AppTheme" />
239-->[:image_pickers] AndroidManifest.xml:54:13-44
240        <activity
240-->[:url_launcher_android] AndroidManifest.xml:10:9-13:74
241            android:name="io.flutter.plugins.urllauncher.WebViewActivity"
241-->[:url_launcher_android] AndroidManifest.xml:11:13-74
242            android:exported="false"
242-->[:url_launcher_android] AndroidManifest.xml:12:13-37
243            android:theme="@android:style/Theme.NoTitleBar.Fullscreen" />
243-->[:url_launcher_android] AndroidManifest.xml:13:13-71
244
245        <provider
245-->[io.github.lucksiege:pictureselector:v3.11.2] AndroidManifest.xml:8:9-16:20
246            android:name="com.luck.picture.lib.basic.PictureFileProvider"
246-->[io.github.lucksiege:pictureselector:v3.11.2] AndroidManifest.xml:9:13-74
247            android:authorities="com.example.abo_hamza_ecomerce.luckProvider"
247-->[io.github.lucksiege:pictureselector:v3.11.2] AndroidManifest.xml:10:13-64
248            android:exported="false"
248-->[io.github.lucksiege:pictureselector:v3.11.2] AndroidManifest.xml:11:13-37
249            android:grantUriPermissions="true" >
249-->[io.github.lucksiege:pictureselector:v3.11.2] AndroidManifest.xml:12:13-47
250            <meta-data
250-->[:image_picker_android] AndroidManifest.xml:16:13-18:75
251                android:name="android.support.FILE_PROVIDER_PATHS"
251-->[:image_picker_android] AndroidManifest.xml:17:17-67
252                android:resource="@xml/ps_file_paths" />
252-->[:image_picker_android] AndroidManifest.xml:18:17-72
253        </provider>
254
255        <service
255-->[io.github.lucksiege:pictureselector:v3.11.2] AndroidManifest.xml:18:9-21:56
256            android:name="com.luck.picture.lib.service.ForegroundService"
256-->[io.github.lucksiege:pictureselector:v3.11.2] AndroidManifest.xml:19:13-74
257            android:enabled="true"
257-->[io.github.lucksiege:pictureselector:v3.11.2] AndroidManifest.xml:20:13-35
258            android:foregroundServiceType="location" />
258-->[io.github.lucksiege:pictureselector:v3.11.2] AndroidManifest.xml:21:13-53
259
260        <activity
260-->[io.github.lucksiege:pictureselector:v3.11.2] AndroidManifest.xml:23:9-27:20
261            android:name="com.luck.picture.lib.basic.PictureSelectorSupporterActivity"
261-->[io.github.lucksiege:pictureselector:v3.11.2] AndroidManifest.xml:24:13-87
262            android:configChanges="orientation|keyboardHidden|screenSize"
262-->[io.github.lucksiege:pictureselector:v3.11.2] AndroidManifest.xml:25:13-74
263            android:theme="@style/Base.Theme.NoActionBar" >
263-->[io.github.lucksiege:pictureselector:v3.11.2] AndroidManifest.xml:26:13-58
264        </activity>
265        <activity
265-->[io.github.lucksiege:pictureselector:v3.11.2] AndroidManifest.xml:28:9-32:20
266            android:name="com.luck.picture.lib.basic.PictureSelectorTransparentActivity"
266-->[io.github.lucksiege:pictureselector:v3.11.2] AndroidManifest.xml:29:13-89
267            android:configChanges="orientation|keyboardHidden|screenSize"
267-->[io.github.lucksiege:pictureselector:v3.11.2] AndroidManifest.xml:30:13-74
268            android:theme="@style/Picture.Theme.Translucent" >
268-->[io.github.lucksiege:pictureselector:v3.11.2] AndroidManifest.xml:31:13-61
269        </activity>
270        <activity
270-->[io.github.lucksiege:ucrop:v3.11.2] AndroidManifest.xml:8:9-12:72
271            android:name="com.yalantis.ucrop.UCropActivity"
271-->[io.github.lucksiege:ucrop:v3.11.2] AndroidManifest.xml:9:13-60
272            android:configChanges="orientation|keyboardHidden|screenSize"
272-->[io.github.lucksiege:ucrop:v3.11.2] AndroidManifest.xml:10:13-74
273            android:screenOrientation="portrait"
273-->[io.github.lucksiege:ucrop:v3.11.2] AndroidManifest.xml:11:13-49
274            android:theme="@style/Theme.AppCompat.Light.NoActionBar" />
274-->[io.github.lucksiege:ucrop:v3.11.2] AndroidManifest.xml:12:13-69
275        <activity
275-->[io.github.lucksiege:ucrop:v3.11.2] AndroidManifest.xml:13:9-17:72
276            android:name="com.yalantis.ucrop.UCropMultipleActivity"
276-->[io.github.lucksiege:ucrop:v3.11.2] AndroidManifest.xml:14:13-68
277            android:configChanges="orientation|keyboardHidden|screenSize"
277-->[io.github.lucksiege:ucrop:v3.11.2] AndroidManifest.xml:15:13-74
278            android:screenOrientation="portrait"
278-->[io.github.lucksiege:ucrop:v3.11.2] AndroidManifest.xml:16:13-49
279            android:theme="@style/Theme.AppCompat.Light.NoActionBar" />
279-->[io.github.lucksiege:ucrop:v3.11.2] AndroidManifest.xml:17:13-69
280        <activity
280-->[com.google.android.gms:play-services-auth:21.0.0] AndroidManifest.xml:23:9-27:75
281            android:name="com.google.android.gms.auth.api.signin.internal.SignInHubActivity"
281-->[com.google.android.gms:play-services-auth:21.0.0] AndroidManifest.xml:24:13-93
282            android:excludeFromRecents="true"
282-->[com.google.android.gms:play-services-auth:21.0.0] AndroidManifest.xml:25:13-46
283            android:exported="false"
283-->[com.google.android.gms:play-services-auth:21.0.0] AndroidManifest.xml:26:13-37
284            android:theme="@android:style/Theme.Translucent.NoTitleBar" />
284-->[com.google.android.gms:play-services-auth:21.0.0] AndroidManifest.xml:27:13-72
285        <!--
286            Service handling Google Sign-In user revocation. For apps that do not integrate with
287            Google Sign-In, this service will never be started.
288        -->
289        <service
289-->[com.google.android.gms:play-services-auth:21.0.0] AndroidManifest.xml:33:9-37:51
290            android:name="com.google.android.gms.auth.api.signin.RevocationBoundService"
290-->[com.google.android.gms:play-services-auth:21.0.0] AndroidManifest.xml:34:13-89
291            android:exported="true"
291-->[com.google.android.gms:play-services-auth:21.0.0] AndroidManifest.xml:35:13-36
292            android:permission="com.google.android.gms.auth.api.signin.permission.REVOCATION_NOTIFICATION"